<?xml version="1.0" encoding="UTF-8"?>
<!-- Generated by org.testng.reporters.JUnitXMLReporter -->
<testsuite ignored="0" hostname="HKSPC2025" failures="2" tests="5" name="LoginTests" time="31.629" errors="0" timestamp="2025-11-28T21:16:35 IST">
  <testcase classname="testCases.TC_LG_DDT" name="LoginDDT" time="2.07"/>
  <testcase classname="testCases.TC_LG_DDT" name="LoginDDT" time="6.196"/>
  <testcase classname="testCases.TC_LG_DDT" name="LoginDDT" time="6.201"/>
  <testcase classname="testCases.TC_LG_DDT" name="LoginDDT" time="5.981">
    <failure type="java.lang.AssertionError" message="expected [true] but found [false]">
      <![CDATA[java.lang.AssertionError: expected [true] but found [false]
at testCases.TC_LG_DDT.LoginDDT(TC_LG_DDT.java:57)
at java.base/java.util.ArrayList.forEach(ArrayList.java:1596)
... Removed 29 stack frames]]>
    </failure>
  </testcase> <!-- LoginDDT -->
  <testcase classname="testCases.TC_LG_DDT" name="LoginDDT" time="7.164">
    <failure type="java.lang.AssertionError" message="expected [true] but found [false]">
      <![CDATA[java.lang.AssertionError: expected [true] but found [false]
at testCases.TC_LG_DDT.LoginDDT(TC_LG_DDT.java:76)
at java.base/java.util.ArrayList.forEach(ArrayList.java:1596)
... Removed 29 stack frames]]>
    </failure>
  </testcase> <!-- LoginDDT -->
</testsuite> <!-- LoginTests -->
