<?xml version="1.0" encoding="UTF-8"?>
<!-- Generated by org.testng.reporters.JUnitXMLReporter -->
<testsuite ignored="0" hostname="HKSPC2025" failures="0" tests="5" name="RegisterTests" time="28.63" errors="0" timestamp="2025-12-01T11:39:12 IST">
  <testcase classname="testCases.TC_RG_001" name="verifyAccountRegistartion" time="1.811"/>
  <testcase classname="testCases.TC_RG_001" name="verifyAccountRegistartionwithExistingEmail" time="6.099"/>
  <testcase classname="testCases.TC_RG_001" name="verifyAccountRegistartionwithoutMandatiryFields" time="6.172"/>
  <testcase classname="testCases.TC_RG_001" name="verifyAccountRegistartionwithInvalidEmail" time="5.677"/>
  <testcase classname="testCases.TC_RG_001" name="verifyAccountRegistartionPasswordMismatch" time="6.784"/>
</testsuite> <!-- RegisterTests -->
