<?xml version="1.0" encoding="UTF-8"?>
<!-- Generated by org.testng.reporters.JUnitXMLReporter -->
<testsuite ignored="0" hostname="HKSPC2025" failures="1" tests="24" name="RegisterTests" time="51.896" errors="0" timestamp="2025-12-15T13:33:44 IST">
  <testcase classname="testCases.RegistrationTests" name="verifyAccountRegistartion" time="1.797"/>
  <testcase classname="testCases.RegistrationTests" name="verifyAccountRegistartionwithExistingEmail" time="5.941"/>
  <testcase classname="testCases.RegistrationTests" name="verifyAccountRegistartionwithoutMandatiryFields" time="6.096"/>
  <testcase classname="testCases.RegistrationTests" name="verifyAccountRegistartionwithInvalidEmail" time="5.595"/>
  <testcase classname="testCases.RegistrationTests" name="verifyAccountRegistartionPasswordMismatch" time="5.663"/>
  <testcase classname="testCases.LoginTests" name="verifyAccountLogin" time="1.314"/>
  <testcase classname="testCases.LoginTests" name="validateLoginPersistence" time="0.27"/>
  <testcase classname="testCases.LoginTests" name="validateLogOut" time="0.322"/>
  <testcase classname="testCases.LoginTests" name="validateLoginwithInvalidPasswrd" time="1.01"/>
  <testcase classname="testCases.LoginTests" name="validateLoginwithInvalidEmail" time="0.862"/>
  <testcase classname="testCases.LoginTests" name="validateLoginwithEmptyEmail" time="1.018"/>
  <testcase classname="testCases.LoginTests" name="validateLoginwithEmptyPassword" time="0.816"/>
  <testcase classname="testCases.LoginTests" name="validateLoginwithEmptycredentials" time="1.773"/>
  <testcase classname="testCases.LoginTests" name="validateLoginwithInvalidEmailFormat" time="0.971"/>
  <testcase classname="testCases.LoginTests" name="verifyForgotPasswordFunctn" time="2.04"/>
  <testcase classname="testCases.SearchTests" name="verifySearchFnctn" time="1.681"/>
  <testcase classname="testCases.SearchTests" name="verifySearchResultNavigation" time="0.537"/>
  <testcase classname="testCases.SearchTests" name="validateAddtoWhislist" time="0.226"/>
  <testcase classname="testCases.SearchTests" name="validateAddtoComparison" time="0.29"/>
  <testcase classname="testCases.SearchTests" name="validateAddtoCart" time="0.998"/>
  <testcase classname="testCases.SearchTests" name="verifySearchforPartialName" time="0.397"/>
  <testcase classname="testCases.SearchTests" name="verifySearchforCaseSensitivity" time="0.36"/>
  <testcase classname="testCases.SearchTests" name="verifySearchforSpecialCharacters" time="0.335"/>
  <testcase classname="testCases.SearchTests" name="verifySearchforEmptyInput" time="5.605">
    <failure type="java.lang.AssertionError" message="Search results Displayed ignoring Empty item expected [true] but found [false]">
      <![CDATA[java.lang.AssertionError: Search results Displayed ignoring Empty item expected [true] but found [false]
at testCases.SearchTests.verifySearchforEmptyInput(SearchTests.java:145)
at java.base/java.util.ArrayList.forEach(ArrayList.java:1596)
... Removed 28 stack frames]]>
    </failure>
  </testcase> <!-- verifySearchforEmptyInput -->
</testsuite> <!-- RegisterTests -->
