<?xml version="1.0" encoding="UTF-8"?>
<!-- Generated by org.testng.reporters.JUnitXMLReporter -->
<testsuite ignored="0" hostname="HKSPC2025" failures="0" tests="5" name="Test" time="54.258" errors="0" timestamp="2025-11-21T10:24:05 IST">
  <testcase classname="testCases.TC_RG_001" name="verifyAccountRegistartion" time="1.55"/>
  <testcase classname="testCases.TC_RG_002" name="verifyAccountRegistartionwithExistingEmail" time="10.704"/>
  <testcase classname="testCases.TC_RG_003" name="verifyAccountRegistartionwithoutMandatiryFields" time="11.093"/>
  <testcase classname="testCases.TC_RG_004" name="verifyAccountRegistartionwithInvalidEmail" time="10.807"/>
  <testcase classname="testCases.TC_RG_005" name="verifyAccountRegistartionPasswordMismatch" time="10.717"/>
</testsuite> <!-- Test -->
