<?xml version="1.0" encoding="UTF-8"?>
<testng-results ignored="0" total="5" passed="5" failed="0" skipped="0">
  <reporter-output>
  </reporter-output>
  <suite started-at="2025-12-01T11:38:42 IST" name="Suite" finished-at="2025-12-01T11:39:10 IST" duration-ms="28630">
    <groups>
    </groups>
    <test started-at="2025-12-01T11:38:42 IST" name="RegisterTests" finished-at="2025-12-01T11:39:10 IST" duration-ms="28630">
      <class name="testCases.TC_RG_001">
        <test-method is-config="true" signature="setUp(java.lang.String,java.lang.String)[pri:0, instance:testCases.TC_RG_001@207b8649]" started-at="2025-12-01T11:38:42 IST" name="setUp" finished-at="2025-12-01T11:38:44 IST" duration-ms="1753" status="PASS">
          <params>
            <param index="0">
              <value>
                <![CDATA[Windows]]>
              </value>
            </param>
            <param index="1">
              <value>
                <![CDATA[edge]]>
              </value>
            </param>
          </params>
          <reporter-output>
          </reporter-output>
        </test-method> <!-- setUp -->
        <test-method signature="verifyAccountRegistartion()[pri:1, instance:testCases.TC_RG_001@207b8649]" started-at="2025-12-01T11:38:44 IST" name="verifyAccountRegistartion" finished-at="2025-12-01T11:38:45 IST" duration-ms="1811" status="PASS">
          <reporter-output>
          </reporter-output>
        </test-method> <!-- verifyAccountRegistartion -->
        <test-method signature="verifyAccountRegistartionwithExistingEmail()[pri:2, instance:testCases.TC_RG_001@207b8649]" started-at="2025-12-01T11:38:45 IST" name="verifyAccountRegistartionwithExistingEmail" finished-at="2025-12-01T11:38:52 IST" duration-ms="6099" status="PASS">
          <reporter-output>
          </reporter-output>
        </test-method> <!-- verifyAccountRegistartionwithExistingEmail -->
        <test-method signature="verifyAccountRegistartionwithoutMandatiryFields()[pri:3, instance:testCases.TC_RG_001@207b8649]" started-at="2025-12-01T11:38:52 IST" name="verifyAccountRegistartionwithoutMandatiryFields" finished-at="2025-12-01T11:38:58 IST" duration-ms="6172" status="PASS">
          <reporter-output>
          </reporter-output>
        </test-method> <!-- verifyAccountRegistartionwithoutMandatiryFields -->
        <test-method signature="verifyAccountRegistartionwithInvalidEmail()[pri:4, instance:testCases.TC_RG_001@207b8649]" started-at="2025-12-01T11:38:58 IST" name="verifyAccountRegistartionwithInvalidEmail" finished-at="2025-12-01T11:39:03 IST" duration-ms="5677" status="PASS">
          <reporter-output>
          </reporter-output>
        </test-method> <!-- verifyAccountRegistartionwithInvalidEmail -->
        <test-method signature="verifyAccountRegistartionPasswordMismatch()[pri:5, instance:testCases.TC_RG_001@207b8649]" started-at="2025-12-01T11:39:03 IST" name="verifyAccountRegistartionPasswordMismatch" finished-at="2025-12-01T11:39:10 IST" duration-ms="6784" status="PASS">
          <reporter-output>
          </reporter-output>
        </test-method> <!-- verifyAccountRegistartionPasswordMismatch -->
        <test-method is-config="true" signature="tearDown()[pri:0, instance:testCases.TC_RG_001@207b8649]" started-at="2025-12-01T11:39:10 IST" name="tearDown" finished-at="2025-12-01T11:39:10 IST" duration-ms="176" status="PASS">
          <reporter-output>
          </reporter-output>
        </test-method> <!-- tearDown -->
      </class> <!-- testCases.TC_RG_001 -->
    </test> <!-- RegisterTests -->
  </suite> <!-- Suite -->
</testng-results>
