<?xml version="1.0" encoding="UTF-8"?>
<!-- Generated by org.testng.reporters.JUnitReportReporter -->
<testsuite hostname="HKSPC2025" failures="0" tests="5" name="testCases.RegistrationTests" time="25.092" errors="0" timestamp="2025-12-15T13:33:45 IST" skipped="0">
  <testcase classname="testCases.RegistrationTests" name="verifyAccountRegistartion" time="1.797"/>
  <testcase classname="testCases.RegistrationTests" name="verifyAccountRegistartionwithExistingEmail" time="5.941"/>
  <testcase classname="testCases.RegistrationTests" name="verifyAccountRegistartionwithoutMandatiryFields" time="6.096"/>
  <testcase classname="testCases.RegistrationTests" name="verifyAccountRegistartionwithInvalidEmail" time="5.595"/>
  <testcase classname="testCases.RegistrationTests" name="verifyAccountRegistartionPasswordMismatch" time="5.663"/>
</testsuite> <!-- testCases.RegistrationTests -->
