<?xml version="1.0" encoding="UTF-8"?>
<!-- Generated by org.testng.reporters.JUnitReportReporter -->
<testsuite hostname="HKSPC2025" failures="0" tests="10" name="testCases.TC_RG_DDT" time="72.604" errors="0" timestamp="2025-11-24T08:57:09 IST" skipped="0">
  <testcase classname="testCases.TC_RG_DDT" name="verifyBulkAccountRegistartion" time="6.886"/>
  <testcase classname="testCases.TC_RG_DDT" name="verifyBulkAccountRegistartion" time="7.971"/>
  <testcase classname="testCases.TC_RG_DDT" name="verifyBulkAccountRegistartion" time="7.340"/>
  <testcase classname="testCases.TC_RG_DDT" name="verifyBulkAccountRegistartion" time="7.558"/>
  <testcase classname="testCases.TC_RG_DDT" name="verifyBulkAccountRegistartion" time="7.287"/>
  <testcase classname="testCases.TC_RG_DDT" name="verifyBulkAccountRegistartion" time="7.329"/>
  <testcase classname="testCases.TC_RG_DDT" name="verifyBulkAccountRegistartion" time="7.642"/>
  <testcase classname="testCases.TC_RG_DDT" name="verifyBulkAccountRegistartion" time="6.410"/>
  <testcase classname="testCases.TC_RG_DDT" name="verifyBulkAccountRegistartion" time="6.761"/>
  <testcase classname="testCases.TC_RG_DDT" name="verifyBulkAccountRegistartion" time="7.420"/>
</testsuite> <!-- testCases.TC_RG_DDT -->
