<?xml version="1.0" encoding="UTF-8"?>
<!-- Generated by org.testng.reporters.JUnitReportReporter -->
<testsuite hostname="HKSPC2025" failures="1" tests="9" name="testCases.SearchTests" time="10.429" errors="0" timestamp="2025-12-15T13:33:45 IST" skipped="0">
  <testcase classname="testCases.SearchTests" name="verifySearchFnctn" time="1.681"/>
  <testcase classname="testCases.SearchTests" name="verifySearchResultNavigation" time="0.537"/>
  <testcase classname="testCases.SearchTests" name="validateAddtoWhislist" time="0.226"/>
  <testcase classname="testCases.SearchTests" name="validateAddtoComparison" time="0.290"/>
  <testcase classname="testCases.SearchTests" name="validateAddtoCart" time="0.998"/>
  <testcase classname="testCases.SearchTests" name="verifySearchforPartialName" time="0.397"/>
  <testcase classname="testCases.SearchTests" name="verifySearchforCaseSensitivity" time="0.360"/>
  <testcase classname="testCases.SearchTests" name="verifySearchforSpecialCharacters" time="0.335"/>
  <testcase classname="testCases.SearchTests" name="verifySearchforEmptyInput" time="5.605">
    <failure message="Search results Displayed ignoring Empty item expected [true] but found [false]" type="java.lang.AssertionError">
      <![CDATA[java.lang.AssertionError: Search results Displayed ignoring Empty item expected [true] but found [false]
at org.testng.Assert.fail(Assert.java:111)
at org.testng.Assert.failNotEquals(Assert.java:1590)
at org.testng.Assert.assertTrue(Assert.java:57)
at testCases.SearchTests.verifySearchforEmptyInput(SearchTests.java:145)
at java.base/jdk.internal.reflect.DirectMethodHandleAccessor.invoke(DirectMethodHandleAccessor.java:103)
at java.base/java.lang.reflect.Method.invoke(Method.java:580)
at org.testng.internal.invokers.MethodInvocationHelper.invokeMethod(MethodInvocationHelper.java:141)
at org.testng.internal.invokers.TestInvoker.invokeMethod(TestInvoker.java:687)
at org.testng.internal.invokers.TestInvoker.invokeTestMethod(TestInvoker.java:230)
at org.testng.internal.invokers.MethodRunner.runInSequence(MethodRunner.java:63)
at org.testng.internal.invokers.TestInvoker$MethodInvocationAgent.invoke(TestInvoker.java:995)
at org.testng.internal.invokers.TestInvoker.invokeTestMethods(TestInvoker.java:203)
at org.testng.internal.invokers.TestMethodWorker.invokeTestMethods(TestMethodWorker.java:154)
at org.testng.internal.invokers.TestMethodWorker.run(TestMethodWorker.java:134)
at java.base/java.util.ArrayList.forEach(ArrayList.java:1596)
at org.testng.TestRunner.privateRun(TestRunner.java:741)
at org.testng.TestRunner.run(TestRunner.java:616)
at org.testng.SuiteRunner.runTest(SuiteRunner.java:421)
at org.testng.SuiteRunner.runSequentially(SuiteRunner.java:413)
at org.testng.SuiteRunner.privateRun(SuiteRunner.java:373)
at org.testng.SuiteRunner.run(SuiteRunner.java:312)
at org.testng.SuiteRunnerWorker.runSuite(SuiteRunnerWorker.java:52)
at org.testng.SuiteRunnerWorker.run(SuiteRunnerWorker.java:95)
at org.testng.TestNG.runSuitesSequentially(TestNG.java:1274)
at org.testng.TestNG.runSuitesLocally(TestNG.java:1208)
at org.testng.TestNG.runSuites(TestNG.java:1112)
at org.testng.TestNG.run(TestNG.java:1079)
at org.testng.remote.AbstractRemoteTestNG.run(AbstractRemoteTestNG.java:115)
at org.testng.remote.RemoteTestNG.initAndRun(RemoteTestNG.java:293)
at org.testng.remote.RemoteTestNG.main(RemoteTestNG.java:91)
]]>
    </failure>
  </testcase> <!-- verifySearchforEmptyInput -->
</testsuite> <!-- testCases.SearchTests -->
