<?xml version="1.0" encoding="UTF-8"?>
<!-- Generated by org.testng.reporters.JUnitReportReporter -->
<testsuite hostname="HKSPC2025" failures="0" tests="10" name="testCases.LoginTests" time="10.387" errors="0" timestamp="2025-12-01T10:56:34 IST" skipped="0">
  <testcase classname="testCases.LoginTests" name="verifyAccountLogin" time="1.394"/>
  <testcase classname="testCases.LoginTests" name="validateLoginPersistence" time="0.264"/>
  <testcase classname="testCases.LoginTests" name="validateLogOut" time="0.367"/>
  <testcase classname="testCases.LoginTests" name="validateLoginwithInvalidPasswrd" time="1.141"/>
  <testcase classname="testCases.LoginTests" name="validateLoginwithInvalidEmail" time="1.011"/>
  <testcase classname="testCases.LoginTests" name="validateLoginwithEmptyEmail" time="0.990"/>
  <testcase classname="testCases.LoginTests" name="validateLoginwithEmptyPassword" time="0.918"/>
  <testcase classname="testCases.LoginTests" name="validateLoginwithEmptycredentials" time="0.975"/>
  <testcase classname="testCases.LoginTests" name="validateLoginwithInvalidEmailFormat" time="1.128"/>
  <testcase classname="testCases.LoginTests" name="verifyForgotPasswordFunctn" time="2.199"/>
</testsuite> <!-- testCases.LoginTests -->
