<?xml version="1.0" encoding="UTF-8"?>
<!-- Generated by org.testng.reporters.JUnitReportReporter -->
<testsuite hostname="HKSPC2025" failures="0" tests="10" name="testCases.LoginTests" time="10.396" errors="0" timestamp="2025-12-15T13:33:45 IST" skipped="0">
  <testcase classname="testCases.LoginTests" name="verifyAccountLogin" time="1.314"/>
  <testcase classname="testCases.LoginTests" name="validateLoginPersistence" time="0.270"/>
  <testcase classname="testCases.LoginTests" name="validateLogOut" time="0.322"/>
  <testcase classname="testCases.LoginTests" name="validateLoginwithInvalidPasswrd" time="1.010"/>
  <testcase classname="testCases.LoginTests" name="validateLoginwithInvalidEmail" time="0.862"/>
  <testcase classname="testCases.LoginTests" name="validateLoginwithEmptyEmail" time="1.018"/>
  <testcase classname="testCases.LoginTests" name="validateLoginwithEmptyPassword" time="0.816"/>
  <testcase classname="testCases.LoginTests" name="validateLoginwithEmptycredentials" time="1.773"/>
  <testcase classname="testCases.LoginTests" name="validateLoginwithInvalidEmailFormat" time="0.971"/>
  <testcase classname="testCases.LoginTests" name="verifyForgotPasswordFunctn" time="2.040"/>
</testsuite> <!-- testCases.LoginTests -->
